[23-10-2024 15:35:16.989 INFO com.nopcommerce.users.Level_18_Extent_V5] - OS name = mac os x
[23-10-2024 15:35:16.994 INFO com.nopcommerce.users.Level_18_Extent_V5] - Driver instance name = chromedriver: chrome on mac (a9d218f8c7d475c934709ca787bf5cae)
[23-10-2024 15:35:16.996 INFO com.nopcommerce.users.Level_18_Extent_V5] - no such window: target window already closed
from unknown error: web view not found
  (Session info: chrome=129.0.6668.101)
Build info: version: '4.16.1', revision: '9b4c83354e'
System info: os.name: 'Mac OS X', os.arch: 'x86_64', os.version: '13.3.1', java.version: '17.0.11'
Driver info: org.openqa.selenium.chrome.ChromeDriver
Command: [a9d218f8c7d475c934709ca787bf5cae, deleteAllCookies {}]
Capabilities {acceptInsecureCerts: false, browserName: chrome, browserVersion: 129.0.6668.101, chrome: {chromedriverVersion: 129.0.6668.100 (cf58cba358d..., userDataDir: /var/folders/wq/l89qfwf5429...}, fedcm:accounts: true, goog:chromeOptions: {debuggerAddress: localhost:54065}, networkConnectionEnabled: false, pageLoadStrategy: normal, platformName: mac, proxy: Proxy(), se:cdp: ws://localhost:54065/devtoo..., se:cdpVersion: 129.0.6668.101, setWindowRect: true, strictFileInteractability: false, timeouts: {implicit: 0, pageLoad: 300000, script: 30000}, unhandledPromptBehavior: dismiss and notify, webauthn:extension:credBlob: true, webauthn:extension:largeBlob: true, webauthn:extension:minPinLength: true, webauthn:extension:prf: true, webauthn:virtualAuthenticators: true}
Session ID: a9d218f8c7d475c934709ca787bf5cae
[23-10-2024 15:36:54.715 INFO com.nopcommerce.users.Level_18_Extent_V5] - OS name = mac os x
[23-10-2024 15:36:54.716 INFO com.nopcommerce.users.Level_18_Extent_V5] - Driver instance name = firefoxdriver: firefox on mac (daaff851-933a-47f3-8efe-ff77db54890e)
[23-10-2024 15:37:52.641 INFO com.nopcommerce.users.Level_18_Extent_V5] - OS name = mac os x
[23-10-2024 15:37:52.641 INFO com.nopcommerce.users.Level_18_Extent_V5] - Driver instance name = edgedriver: microsoftedge on mac (2ee46c53ae93c6fa4216790b05a30c6b)
[23-10-2024 15:37:52.643 INFO com.nopcommerce.users.Level_18_Extent_V5] - disconnected: not connected to DevTools
  (failed to check if window was closed: disconnected: not connected to DevTools)
  (Session info: MicrosoftEdge=130.0.2849.46)
Build info: version: '4.16.1', revision: '9b4c83354e'
System info: os.name: 'Mac OS X', os.arch: 'x86_64', os.version: '13.3.1', java.version: '17.0.11'
Driver info: org.openqa.selenium.edge.EdgeDriver
Command: [2ee46c53ae93c6fa4216790b05a30c6b, deleteAllCookies {}]
Capabilities {acceptInsecureCerts: false, browserName: MicrosoftEdge, browserVersion: 130.0.2849.46, fedcm:accounts: true, ms:edgeOptions: {debuggerAddress: localhost:54432}, msedge: {msedgedriverVersion: 130.0.2849.50 (57e6a36052dd..., userDataDir: /var/folders/wq/l89qfwf5429...}, networkConnectionEnabled: false, pageLoadStrategy: normal, platformName: mac, proxy: Proxy(), se:cdp: ws://localhost:54432/devtoo..., se:cdpVersion: 130.0.2849.46, setWindowRect: true, strictFileInteractability: false, timeouts: {implicit: 0, pageLoad: 300000, script: 30000}, unhandledPromptBehavior: dismiss and notify, webauthn:extension:credBlob: true, webauthn:extension:largeBlob: true, webauthn:extension:minPinLength: true, webauthn:extension:prf: true, webauthn:virtualAuthenticators: true}
Session ID: 2ee46c53ae93c6fa4216790b05a30c6b
[23-10-2024 15:45:22.678 INFO com.nopcommerce.users.Level_31_Environment_01_Parameter_Name] - OS name = mac os x
[23-10-2024 15:45:22.683 INFO com.nopcommerce.users.Level_31_Environment_01_Parameter_Name] - Driver instance name = chromedriver: chrome on mac (a5b35105105c19cd8f02f2d354ebc786)
[24-10-2024 09:24:08.034 INFO com.nopcommerce.users.Level_31_Environment_01_Parameter_Name] - OS name = mac os x
[24-10-2024 09:24:08.039 INFO com.nopcommerce.users.Level_31_Environment_01_Parameter_Name] - Driver instance name = chromedriver: chrome on mac (7c0c35736e548024685acfb6873213c6)
[24-10-2024 10:14:17.142 INFO com.nopcommerce.users.Level_31_Environment_02_Multiple_XML] - OS name = mac os x
[24-10-2024 10:14:17.145 INFO com.nopcommerce.users.Level_31_Environment_02_Multiple_XML] - Driver instance name = chromedriver: chrome on mac (ddfdbd894a152103892d66ff06fbab78)
[24-10-2024 10:16:27.731 INFO com.nopcommerce.users.Level_31_Environment_02_Multiple_XML] - OS name = mac os x
[24-10-2024 10:16:27.736 INFO com.nopcommerce.users.Level_31_Environment_02_Multiple_XML] - Driver instance name = chromedriver: chrome on mac (9599c40b74931e1bd536d02e947d08bb)
[24-10-2024 10:23:53.097 INFO com.nopcommerce.users.Level_31_Environment_03_Java_Properties] - OS name = mac os x
[24-10-2024 10:23:53.101 INFO com.nopcommerce.users.Level_31_Environment_03_Java_Properties] - Driver instance name = chromedriver: chrome on mac (dda67aa62dfe5520cf017dd753a3238f)
[24-10-2024 14:41:19.291 INFO com.nopcommerce.users.Level_31_Environment_03_Java_Properties] - OS name = mac os x
[24-10-2024 14:41:19.297 INFO com.nopcommerce.users.Level_31_Environment_03_Java_Properties] - Driver instance name = chromedriver: chrome on mac (250a4b7d55b2b8ee2ace7a48c9aece8a)
[24-10-2024 16:03:40.633 INFO com.nopcommerce.users.Level_31_Environment_03_Java_Properties] - OS name = mac os x
[24-10-2024 16:03:40.635 INFO com.nopcommerce.users.Level_31_Environment_03_Java_Properties] - Driver instance name = chromedriver: chrome on mac (1fc9a332b923229ff82bf494e7638ebe)
